DEBUG - 2025-12-03 05:13:32 --> Session: Class initialized using 'CodeIgniter\Session\Handlers\FileHandler' driver.
DEBUG - 2025-12-03 05:13:35 --> Session: Class initialized using 'CodeIgniter\Session\Handlers\FileHandler' driver.
DEBUG - 2025-12-03 05:13:38 --> Session: Class initialized using 'CodeIgniter\Session\Handlers\FileHandler' driver.
DEBUG - 2025-12-03 05:14:04 --> Session: Class initialized using 'CodeIgniter\Session\Handlers\FileHandler' driver.
DEBUG - 2025-12-03 05:14:07 --> Session: Class initialized using 'CodeIgniter\Session\Handlers\FileHandler' driver.
DEBUG - 2025-12-03 05:15:32 --> Session: Class initialized using 'CodeIgniter\Session\Handlers\FileHandler' driver.
DEBUG - 2025-12-03 05:15:42 --> Session: Class initialized using 'CodeIgniter\Session\Handlers\FileHandler' driver.
DEBUG - 2025-12-03 05:15:43 --> Session: Class initialized using 'CodeIgniter\Session\Handlers\FileHandler' driver.
DEBUG - 2025-12-03 05:15:45 --> Session: Class initialized using 'CodeIgniter\Session\Handlers\FileHandler' driver.
DEBUG - 2025-12-03 05:16:15 --> Session: Class initialized using 'CodeIgniter\Session\Handlers\FileHandler' driver.
DEBUG - 2025-12-03 05:16:18 --> Session: Class initialized using 'CodeIgniter\Session\Handlers\FileHandler' driver.
DEBUG - 2025-12-03 05:16:20 --> Session: Class initialized using 'CodeIgniter\Session\Handlers\FileHandler' driver.
DEBUG - 2025-12-03 05:16:43 --> Session: Class initialized using 'CodeIgniter\Session\Handlers\FileHandler' driver.
DEBUG - 2025-12-03 05:17:08 --> Session: Class initialized using 'CodeIgniter\Session\Handlers\FileHandler' driver.
DEBUG - 2025-12-03 05:17:12 --> Session: Class initialized using 'CodeIgniter\Session\Handlers\FileHandler' driver.
DEBUG - 2025-12-03 05:17:16 --> Session: Class initialized using 'CodeIgniter\Session\Handlers\FileHandler' driver.
DEBUG - 2025-12-03 05:17:18 --> Session: Class initialized using 'CodeIgniter\Session\Handlers\FileHandler' driver.
DEBUG - 2025-12-03 05:17:19 --> Session: Class initialized using 'CodeIgniter\Session\Handlers\FileHandler' driver.
DEBUG - 2025-12-03 05:17:26 --> Session: Class initialized using 'CodeIgniter\Session\Handlers\FileHandler' driver.
DEBUG - 2025-12-03 05:17:33 --> Session: Class initialized using 'CodeIgniter\Session\Handlers\FileHandler' driver.
DEBUG - 2025-12-03 05:17:36 --> Session: Class initialized using 'CodeIgniter\Session\Handlers\FileHandler' driver.
DEBUG - 2025-12-03 05:17:38 --> Session: Class initialized using 'CodeIgniter\Session\Handlers\FileHandler' driver.
DEBUG - 2025-12-03 05:22:43 --> Session: Class initialized using 'CodeIgniter\Session\Handlers\FileHandler' driver.
DEBUG - 2025-12-03 05:36:23 --> Session: Class initialized using 'CodeIgniter\Session\Handlers\FileHandler' driver.
DEBUG - 2025-12-03 05:36:24 --> Session: Class initialized using 'CodeIgniter\Session\Handlers\FileHandler' driver.
DEBUG - 2025-12-03 05:36:26 --> Session: Class initialized using 'CodeIgniter\Session\Handlers\FileHandler' driver.
DEBUG - 2025-12-03 05:36:28 --> Session: Class initialized using 'CodeIgniter\Session\Handlers\FileHandler' driver.
DEBUG - 2025-12-03 05:42:04 --> Session: Class initialized using 'CodeIgniter\Session\Handlers\FileHandler' driver.
DEBUG - 2025-12-03 05:42:12 --> Session: Class initialized using 'CodeIgniter\Session\Handlers\FileHandler' driver.
DEBUG - 2025-12-03 05:55:11 --> Session: Class initialized using 'CodeIgniter\Session\Handlers\FileHandler' driver.
DEBUG - 2025-12-03 05:55:18 --> Session: Class initialized using 'CodeIgniter\Session\Handlers\FileHandler' driver.
DEBUG - 2025-12-03 05:55:21 --> Session: Class initialized using 'CodeIgniter\Session\Handlers\FileHandler' driver.
DEBUG - 2025-12-03 06:11:24 --> Session: Class initialized using 'CodeIgniter\Session\Handlers\FileHandler' driver.
DEBUG - 2025-12-03 06:11:25 --> Session: Class initialized using 'CodeIgniter\Session\Handlers\FileHandler' driver.
CRITICAL - 2025-12-03 06:11:25 --> ErrorException: Undefined variable $vendas
[Method: GET, Route: vendas_item]
in APPPATH\Views\vendas_item\index.php on line 36.
 1 APPPATH\Views\vendas_item\index.php(36): CodeIgniter\Debug\Exceptions->errorHandler(2, 'Undefined variable $vendas', 'C:\\laragon\\www\\Sistema_Manajementu_Loja\\app\\Views\\vendas_item\\index.php', 36)
 2 SYSTEMPATH\View\View.php(226): include('C:\\laragon\\www\\Sistema_Manajementu_Loja\\app\\Views\\vendas_item\\index.php')
 3 SYSTEMPATH\View\View.php(229): CodeIgniter\View\View->CodeIgniter\View\{closure}()
 4 SYSTEMPATH\Common.php(1167): CodeIgniter\View\View->render('vendas_item/index', [], true)
 5 APPPATH\Controllers\Vendas_item.php(30): view('vendas_item/index', [...])
 6 SYSTEMPATH\CodeIgniter.php(933): App\Controllers\vendas_item->index()
 7 SYSTEMPATH\CodeIgniter.php(507): CodeIgniter\CodeIgniter->runController(Object(App\Controllers\vendas_item))
 8 SYSTEMPATH\CodeIgniter.php(354): CodeIgniter\CodeIgniter->handleRequest(null, Object(Config\Cache), false)
 9 SYSTEMPATH\Boot.php(363): CodeIgniter\CodeIgniter->run()
10 SYSTEMPATH\Boot.php(68): CodeIgniter\Boot::runCodeIgniter(Object(CodeIgniter\CodeIgniter))
11 FCPATH\index.php(59): CodeIgniter\Boot::bootWeb(Object(Config\Paths))
DEBUG - 2025-12-03 06:11:38 --> Session: Class initialized using 'CodeIgniter\Session\Handlers\FileHandler' driver.
DEBUG - 2025-12-03 06:12:57 --> Session: Class initialized using 'CodeIgniter\Session\Handlers\FileHandler' driver.
DEBUG - 2025-12-03 06:13:12 --> Session: Class initialized using 'CodeIgniter\Session\Handlers\FileHandler' driver.
DEBUG - 2025-12-03 06:17:09 --> Session: Class initialized using 'CodeIgniter\Session\Handlers\FileHandler' driver.
DEBUG - 2025-12-03 06:18:13 --> Session: Class initialized using 'CodeIgniter\Session\Handlers\FileHandler' driver.
DEBUG - 2025-12-03 06:18:25 --> Session: Class initialized using 'CodeIgniter\Session\Handlers\FileHandler' driver.
DEBUG - 2025-12-03 06:20:55 --> Session: Class initialized using 'CodeIgniter\Session\Handlers\FileHandler' driver.
DEBUG - 2025-12-03 06:21:35 --> Session: Class initialized using 'CodeIgniter\Session\Handlers\FileHandler' driver.
CRITICAL - 2025-12-03 06:21:37 --> CodeIgniter\View\Exceptions\ViewException: Invalid file: "vendas_item/add.php"
[Method: GET, Route: vendas_item/add]
in SYSTEMPATH\Exceptions\FrameworkException.php on line 39.
 1 SYSTEMPATH\View\View.php(214): CodeIgniter\Exceptions\FrameworkException::forInvalidFile('vendas_item/add.php')
 2 SYSTEMPATH\Common.php(1167): CodeIgniter\View\View->render('vendas_item/add', [], true)
 3 APPPATH\Controllers\Vendas_item.php(51): view('vendas_item/add', [...])
 4 SYSTEMPATH\CodeIgniter.php(933): App\Controllers\vendas_item->create()
 5 SYSTEMPATH\CodeIgniter.php(507): CodeIgniter\CodeIgniter->runController(Object(App\Controllers\vendas_item))
 6 SYSTEMPATH\CodeIgniter.php(354): CodeIgniter\CodeIgniter->handleRequest(null, Object(Config\Cache), false)
 7 SYSTEMPATH\Boot.php(363): CodeIgniter\CodeIgniter->run()
 8 SYSTEMPATH\Boot.php(68): CodeIgniter\Boot::runCodeIgniter(Object(CodeIgniter\CodeIgniter))
 9 FCPATH\index.php(59): CodeIgniter\Boot::bootWeb(Object(Config\Paths))
DEBUG - 2025-12-03 06:29:48 --> Session: Class initialized using 'CodeIgniter\Session\Handlers\FileHandler' driver.
DEBUG - 2025-12-03 06:46:23 --> Session: Class initialized using 'CodeIgniter\Session\Handlers\FileHandler' driver.
CRITICAL - 2025-12-03 06:46:24 --> CodeIgniter\View\Exceptions\ViewException: Invalid file: "vendas_item/add.php"
[Method: GET, Route: vendas_item/add]
in SYSTEMPATH\Exceptions\FrameworkException.php on line 39.
 1 SYSTEMPATH\View\View.php(214): CodeIgniter\Exceptions\FrameworkException::forInvalidFile('vendas_item/add.php')
 2 SYSTEMPATH\Common.php(1167): CodeIgniter\View\View->render('vendas_item/add', [], true)
 3 APPPATH\Controllers\Vendas_item.php(51): view('vendas_item/add', [...])
 4 SYSTEMPATH\CodeIgniter.php(933): App\Controllers\vendas_item->create()
 5 SYSTEMPATH\CodeIgniter.php(507): CodeIgniter\CodeIgniter->runController(Object(App\Controllers\vendas_item))
 6 SYSTEMPATH\CodeIgniter.php(354): CodeIgniter\CodeIgniter->handleRequest(null, Object(Config\Cache), false)
 7 SYSTEMPATH\Boot.php(363): CodeIgniter\CodeIgniter->run()
 8 SYSTEMPATH\Boot.php(68): CodeIgniter\Boot::runCodeIgniter(Object(CodeIgniter\CodeIgniter))
 9 FCPATH\index.php(59): CodeIgniter\Boot::bootWeb(Object(Config\Paths))
DEBUG - 2025-12-03 06:46:25 --> Session: Class initialized using 'CodeIgniter\Session\Handlers\FileHandler' driver.
DEBUG - 2025-12-03 06:47:32 --> Session: Class initialized using 'CodeIgniter\Session\Handlers\FileHandler' driver.
DEBUG - 2025-12-03 06:56:38 --> Session: Class initialized using 'CodeIgniter\Session\Handlers\FileHandler' driver.
DEBUG - 2025-12-03 06:56:38 --> Session: Class initialized using 'CodeIgniter\Session\Handlers\FileHandler' driver.
DEBUG - 2025-12-03 06:56:48 --> Session: Class initialized using 'CodeIgniter\Session\Handlers\FileHandler' driver.
DEBUG - 2025-12-03 06:56:57 --> Session: Class initialized using 'CodeIgniter\Session\Handlers\FileHandler' driver.
DEBUG - 2025-12-03 06:56:59 --> Session: Class initialized using 'CodeIgniter\Session\Handlers\FileHandler' driver.
DEBUG - 2025-12-03 06:57:09 --> Session: Class initialized using 'CodeIgniter\Session\Handlers\FileHandler' driver.
DEBUG - 2025-12-03 06:57:09 --> Session: Class initialized using 'CodeIgniter\Session\Handlers\FileHandler' driver.
DEBUG - 2025-12-03 06:57:12 --> Session: Class initialized using 'CodeIgniter\Session\Handlers\FileHandler' driver.
DEBUG - 2025-12-03 06:57:13 --> Session: Class initialized using 'CodeIgniter\Session\Handlers\FileHandler' driver.
DEBUG - 2025-12-03 06:57:20 --> Session: Class initialized using 'CodeIgniter\Session\Handlers\FileHandler' driver.
DEBUG - 2025-12-03 06:57:20 --> Session: Class initialized using 'CodeIgniter\Session\Handlers\FileHandler' driver.
DEBUG - 2025-12-03 07:00:50 --> Session: Class initialized using 'CodeIgniter\Session\Handlers\FileHandler' driver.
DEBUG - 2025-12-03 07:00:52 --> Session: Class initialized using 'CodeIgniter\Session\Handlers\FileHandler' driver.
CRITICAL - 2025-12-03 07:00:52 --> ErrorException: Undefined array key "id_item"
[Method: GET, Route: vendas_item/edit/1]
in APPPATH\Views\vendas_item\update.php on line 25.
 1 APPPATH\Views\vendas_item\update.php(25): CodeIgniter\Debug\Exceptions->errorHandler(2, 'Undefined array key "id_item"', 'C:\\laragon\\www\\Sistema_Manajementu_Loja\\app\\Views\\vendas_item\\update.php', 25)
 2 SYSTEMPATH\View\View.php(226): include('C:\\laragon\\www\\Sistema_Manajementu_Loja\\app\\Views\\vendas_item\\update.php')
 3 SYSTEMPATH\View\View.php(229): CodeIgniter\View\View->CodeIgniter\View\{closure}()
 4 SYSTEMPATH\Common.php(1167): CodeIgniter\View\View->render('vendas_item/update', [], true)
 5 APPPATH\Controllers\Vendas_item.php(81): view('vendas_item/update', [...])
 6 SYSTEMPATH\CodeIgniter.php(933): App\Controllers\vendas_item->edit('1')
 7 SYSTEMPATH\CodeIgniter.php(507): CodeIgniter\CodeIgniter->runController(Object(App\Controllers\vendas_item))
 8 SYSTEMPATH\CodeIgniter.php(354): CodeIgniter\CodeIgniter->handleRequest(null, Object(Config\Cache), false)
 9 SYSTEMPATH\Boot.php(363): CodeIgniter\CodeIgniter->run()
10 SYSTEMPATH\Boot.php(68): CodeIgniter\Boot::runCodeIgniter(Object(CodeIgniter\CodeIgniter))
11 FCPATH\index.php(59): CodeIgniter\Boot::bootWeb(Object(Config\Paths))
DEBUG - 2025-12-03 07:01:05 --> Session: Class initialized using 'CodeIgniter\Session\Handlers\FileHandler' driver.
DEBUG - 2025-12-03 07:01:09 --> Session: Class initialized using 'CodeIgniter\Session\Handlers\FileHandler' driver.
DEBUG - 2025-12-03 07:01:09 --> Session: Class initialized using 'CodeIgniter\Session\Handlers\FileHandler' driver.
DEBUG - 2025-12-03 07:01:13 --> Session: Class initialized using 'CodeIgniter\Session\Handlers\FileHandler' driver.
DEBUG - 2025-12-03 07:01:15 --> Session: Class initialized using 'CodeIgniter\Session\Handlers\FileHandler' driver.
DEBUG - 2025-12-03 07:04:09 --> Session: Class initialized using 'CodeIgniter\Session\Handlers\FileHandler' driver.
DEBUG - 2025-12-03 07:04:12 --> Session: Class initialized using 'CodeIgniter\Session\Handlers\FileHandler' driver.
DEBUG - 2025-12-03 07:04:15 --> Session: Class initialized using 'CodeIgniter\Session\Handlers\FileHandler' driver.
DEBUG - 2025-12-03 07:04:17 --> Session: Class initialized using 'CodeIgniter\Session\Handlers\FileHandler' driver.
DEBUG - 2025-12-03 07:13:45 --> Session: Class initialized using 'CodeIgniter\Session\Handlers\FileHandler' driver.
CRITICAL - 2025-12-03 07:14:39 --> ErrorException: Undefined variable $total_produto
[Method: GET, Route: /]
in APPPATH\Views\dashboard.php on line 12.
 1 APPPATH\Views\dashboard.php(12): CodeIgniter\Debug\Exceptions->errorHandler(2, 'Undefined variable $total_produto', 'C:\\laragon\\www\\Sistema_Manajementu_Loja\\app\\Views\\dashboard.php', 12)
 2 SYSTEMPATH\View\View.php(226): include('C:\\laragon\\www\\Sistema_Manajementu_Loja\\app\\Views\\dashboard.php')
 3 SYSTEMPATH\View\View.php(229): CodeIgniter\View\View->CodeIgniter\View\{closure}()
 4 SYSTEMPATH\View\View.php(242): CodeIgniter\View\View->render('dashboard', [], true)
 5 SYSTEMPATH\Common.php(1167): CodeIgniter\View\View->render('home', [], true)
 6 APPPATH\Controllers\Home.php(9): view('home')
 7 SYSTEMPATH\CodeIgniter.php(933): App\Controllers\Home->index()
 8 SYSTEMPATH\CodeIgniter.php(507): CodeIgniter\CodeIgniter->runController(Object(App\Controllers\Home))
 9 SYSTEMPATH\CodeIgniter.php(354): CodeIgniter\CodeIgniter->handleRequest(null, Object(Config\Cache), false)
10 SYSTEMPATH\Boot.php(363): CodeIgniter\CodeIgniter->run()
11 SYSTEMPATH\Boot.php(68): CodeIgniter\Boot::runCodeIgniter(Object(CodeIgniter\CodeIgniter))
12 FCPATH\index.php(59): CodeIgniter\Boot::bootWeb(Object(Config\Paths))
CRITICAL - 2025-12-03 07:15:06 --> ErrorException: Undefined variable $total_produtu
[Method: GET, Route: /]
in APPPATH\Views\dashboard.php on line 12.
 1 APPPATH\Views\dashboard.php(12): CodeIgniter\Debug\Exceptions->errorHandler(2, 'Undefined variable $total_produtu', 'C:\\laragon\\www\\Sistema_Manajementu_Loja\\app\\Views\\dashboard.php', 12)
 2 SYSTEMPATH\View\View.php(226): include('C:\\laragon\\www\\Sistema_Manajementu_Loja\\app\\Views\\dashboard.php')
 3 SYSTEMPATH\View\View.php(229): CodeIgniter\View\View->CodeIgniter\View\{closure}()
 4 SYSTEMPATH\View\View.php(242): CodeIgniter\View\View->render('dashboard', [], true)
 5 SYSTEMPATH\Common.php(1167): CodeIgniter\View\View->render('home', [], true)
 6 APPPATH\Controllers\Home.php(9): view('home')
 7 SYSTEMPATH\CodeIgniter.php(933): App\Controllers\Home->index()
 8 SYSTEMPATH\CodeIgniter.php(507): CodeIgniter\CodeIgniter->runController(Object(App\Controllers\Home))
 9 SYSTEMPATH\CodeIgniter.php(354): CodeIgniter\CodeIgniter->handleRequest(null, Object(Config\Cache), false)
10 SYSTEMPATH\Boot.php(363): CodeIgniter\CodeIgniter->run()
11 SYSTEMPATH\Boot.php(68): CodeIgniter\Boot::runCodeIgniter(Object(CodeIgniter\CodeIgniter))
12 FCPATH\index.php(59): CodeIgniter\Boot::bootWeb(Object(Config\Paths))
CRITICAL - 2025-12-03 07:15:30 --> ErrorException: Undefined variable $total_produtu
[Method: GET, Route: dashboard]
in APPPATH\Views\dashboard.php on line 12.
 1 APPPATH\Views\dashboard.php(12): CodeIgniter\Debug\Exceptions->errorHandler(2, 'Undefined variable $total_produtu', 'C:\\laragon\\www\\Sistema_Manajementu_Loja\\app\\Views\\dashboard.php', 12)
 2 SYSTEMPATH\View\View.php(226): include('C:\\laragon\\www\\Sistema_Manajementu_Loja\\app\\Views\\dashboard.php')
 3 SYSTEMPATH\View\View.php(229): CodeIgniter\View\View->CodeIgniter\View\{closure}()
 4 SYSTEMPATH\Common.php(1167): CodeIgniter\View\View->render('dashboard', [], true)
 5 APPPATH\Controllers\Dashboard.php(26): view('dashboard', [...])
 6 SYSTEMPATH\CodeIgniter.php(933): App\Controllers\Dashboard->index()
 7 SYSTEMPATH\CodeIgniter.php(507): CodeIgniter\CodeIgniter->runController(Object(App\Controllers\Dashboard))
 8 SYSTEMPATH\CodeIgniter.php(354): CodeIgniter\CodeIgniter->handleRequest(null, Object(Config\Cache), false)
 9 SYSTEMPATH\Boot.php(363): CodeIgniter\CodeIgniter->run()
10 SYSTEMPATH\Boot.php(68): CodeIgniter\Boot::runCodeIgniter(Object(CodeIgniter\CodeIgniter))
11 FCPATH\index.php(59): CodeIgniter\Boot::bootWeb(Object(Config\Paths))
DEBUG - 2025-12-03 07:17:54 --> Session: Class initialized using 'CodeIgniter\Session\Handlers\FileHandler' driver.
DEBUG - 2025-12-03 07:18:35 --> Session: Class initialized using 'CodeIgniter\Session\Handlers\FileHandler' driver.
DEBUG - 2025-12-03 07:18:56 --> Session: Class initialized using 'CodeIgniter\Session\Handlers\FileHandler' driver.
DEBUG - 2025-12-03 07:19:01 --> Session: Class initialized using 'CodeIgniter\Session\Handlers\FileHandler' driver.
DEBUG - 2025-12-03 07:19:05 --> Session: Class initialized using 'CodeIgniter\Session\Handlers\FileHandler' driver.
DEBUG - 2025-12-03 07:19:05 --> Session: Class initialized using 'CodeIgniter\Session\Handlers\FileHandler' driver.
DEBUG - 2025-12-03 11:10:21 --> Session: Class initialized using 'CodeIgniter\Session\Handlers\FileHandler' driver.
DEBUG - 2025-12-03 11:10:30 --> Session: Class initialized using 'CodeIgniter\Session\Handlers\FileHandler' driver.
DEBUG - 2025-12-03 11:10:32 --> Session: Class initialized using 'CodeIgniter\Session\Handlers\FileHandler' driver.
DEBUG - 2025-12-03 11:10:35 --> Session: Class initialized using 'CodeIgniter\Session\Handlers\FileHandler' driver.
DEBUG - 2025-12-03 11:10:35 --> Session: Class initialized using 'CodeIgniter\Session\Handlers\FileHandler' driver.
DEBUG - 2025-12-03 11:10:58 --> Session: Class initialized using 'CodeIgniter\Session\Handlers\FileHandler' driver.
DEBUG - 2025-12-03 11:10:59 --> Session: Class initialized using 'CodeIgniter\Session\Handlers\FileHandler' driver.
DEBUG - 2025-12-03 11:11:00 --> Session: Class initialized using 'CodeIgniter\Session\Handlers\FileHandler' driver.
DEBUG - 2025-12-03 11:11:02 --> Session: Class initialized using 'CodeIgniter\Session\Handlers\FileHandler' driver.
DEBUG - 2025-12-03 11:11:04 --> Session: Class initialized using 'CodeIgniter\Session\Handlers\FileHandler' driver.
DEBUG - 2025-12-03 11:15:56 --> Session: Class initialized using 'CodeIgniter\Session\Handlers\FileHandler' driver.
DEBUG - 2025-12-03 11:15:57 --> Session: Class initialized using 'CodeIgniter\Session\Handlers\FileHandler' driver.
DEBUG - 2025-12-03 11:16:01 --> Session: Class initialized using 'CodeIgniter\Session\Handlers\FileHandler' driver.
DEBUG - 2025-12-03 11:16:06 --> Session: Class initialized using 'CodeIgniter\Session\Handlers\FileHandler' driver.
DEBUG - 2025-12-03 11:26:13 --> Session: Class initialized using 'CodeIgniter\Session\Handlers\FileHandler' driver.
DEBUG - 2025-12-03 11:26:14 --> Session: Class initialized using 'CodeIgniter\Session\Handlers\FileHandler' driver.
DEBUG - 2025-12-03 11:26:21 --> Session: Class initialized using 'CodeIgniter\Session\Handlers\FileHandler' driver.
DEBUG - 2025-12-03 11:26:21 --> Session: Class initialized using 'CodeIgniter\Session\Handlers\FileHandler' driver.
CRITICAL - 2025-12-03 11:26:24 --> CodeIgniter\View\Exceptions\ViewException: Invalid file: "produtu/report.php"
[Method: GET, Route: produtu/report/view]
in SYSTEMPATH\Exceptions\FrameworkException.php on line 39.
 1 SYSTEMPATH\View\View.php(214): CodeIgniter\Exceptions\FrameworkException::forInvalidFile('produtu/report.php')
 2 SYSTEMPATH\Common.php(1167): CodeIgniter\View\View->render('produtu/report', [], true)
 3 APPPATH\Controllers\Produtu.php(158): view('produtu/report', [...])
 4 SYSTEMPATH\CodeIgniter.php(933): App\Controllers\Produtu->reportView()
 5 SYSTEMPATH\CodeIgniter.php(507): CodeIgniter\CodeIgniter->runController(Object(App\Controllers\Produtu))
 6 SYSTEMPATH\CodeIgniter.php(354): CodeIgniter\CodeIgniter->handleRequest(null, Object(Config\Cache), false)
 7 SYSTEMPATH\Boot.php(363): CodeIgniter\CodeIgniter->run()
 8 SYSTEMPATH\Boot.php(68): CodeIgniter\Boot::runCodeIgniter(Object(CodeIgniter\CodeIgniter))
 9 FCPATH\index.php(59): CodeIgniter\Boot::bootWeb(Object(Config\Paths))
DEBUG - 2025-12-03 11:26:42 --> Session: Class initialized using 'CodeIgniter\Session\Handlers\FileHandler' driver.
DEBUG - 2025-12-03 11:26:43 --> Session: Class initialized using 'CodeIgniter\Session\Handlers\FileHandler' driver.
DEBUG - 2025-12-03 11:27:44 --> Session: Class initialized using 'CodeIgniter\Session\Handlers\FileHandler' driver.
CRITICAL - 2025-12-03 11:37:57 --> CodeIgniter\View\Exceptions\ViewException: Invalid file: "kompras_item/print.php"
[Method: GET, Route: kompras_item/print]
in SYSTEMPATH\Exceptions\FrameworkException.php on line 39.
 1 SYSTEMPATH\View\View.php(214): CodeIgniter\Exceptions\FrameworkException::forInvalidFile('kompras_item/print.php')
 2 SYSTEMPATH\Common.php(1167): CodeIgniter\View\View->render('kompras_item/print', [], true)
 3 APPPATH\Controllers\Kompras_item.php(155): view('kompras_item/print', [...])
 4 SYSTEMPATH\CodeIgniter.php(933): App\Controllers\kompras_item->print()
 5 SYSTEMPATH\CodeIgniter.php(507): CodeIgniter\CodeIgniter->runController(Object(App\Controllers\kompras_item))
 6 SYSTEMPATH\CodeIgniter.php(354): CodeIgniter\CodeIgniter->handleRequest(null, Object(Config\Cache), false)
 7 SYSTEMPATH\Boot.php(363): CodeIgniter\CodeIgniter->run()
 8 SYSTEMPATH\Boot.php(68): CodeIgniter\Boot::runCodeIgniter(Object(CodeIgniter\CodeIgniter))
 9 FCPATH\index.php(59): CodeIgniter\Boot::bootWeb(Object(Config\Paths))
WARNING - 2025-12-03 11:38:40 --> [DEPRECATED] number_format(): Passing null to parameter #1 ($num) of type float is deprecated in APPPATH\Views\kompras_item\print.php on line 45.
 1 APPPATH\Views\kompras_item\print.php(45): number_format(null, 2)
 2 SYSTEMPATH\View\View.php(226): include('C:\\laragon\\www\\Sistema_Manajementu_Loja\\app\\Views\\kompras_item\\print.php')
 3 SYSTEMPATH\View\View.php(229): CodeIgniter\View\View->CodeIgniter\View\{closure}()
 4 SYSTEMPATH\Common.php(1167): CodeIgniter\View\View->render('kompras_item/print', [], true)
 5 APPPATH\Controllers\Kompras_item.php(155): view('kompras_item/print', [...])
 6 SYSTEMPATH\CodeIgniter.php(933): App\Controllers\kompras_item->print()
 7 SYSTEMPATH\CodeIgniter.php(507): CodeIgniter\CodeIgniter->runController(Object(App\Controllers\kompras_item))
 8 SYSTEMPATH\CodeIgniter.php(354): CodeIgniter\CodeIgniter->handleRequest(null, Object(Config\Cache), false)
 9 SYSTEMPATH\Boot.php(363): CodeIgniter\CodeIgniter->run()
10 SYSTEMPATH\Boot.php(68): CodeIgniter\Boot::runCodeIgniter(Object(CodeIgniter\CodeIgniter))
11 FCPATH\index.php(59): CodeIgniter\Boot::bootWeb(Object(Config\Paths))
WARNING - 2025-12-03 11:38:54 --> [DEPRECATED] number_format(): Passing null to parameter #1 ($num) of type float is deprecated in APPPATH\Views\kompras_item\print.php on line 45.
 1 APPPATH\Views\kompras_item\print.php(45): number_format(null, 2)
 2 SYSTEMPATH\View\View.php(226): include('C:\\laragon\\www\\Sistema_Manajementu_Loja\\app\\Views\\kompras_item\\print.php')
 3 SYSTEMPATH\View\View.php(229): CodeIgniter\View\View->CodeIgniter\View\{closure}()
 4 SYSTEMPATH\Common.php(1167): CodeIgniter\View\View->render('kompras_item/print', [], true)
 5 APPPATH\Controllers\Kompras_item.php(155): view('kompras_item/print', [...])
 6 SYSTEMPATH\CodeIgniter.php(933): App\Controllers\kompras_item->print()
 7 SYSTEMPATH\CodeIgniter.php(507): CodeIgniter\CodeIgniter->runController(Object(App\Controllers\kompras_item))
 8 SYSTEMPATH\CodeIgniter.php(354): CodeIgniter\CodeIgniter->handleRequest(null, Object(Config\Cache), false)
 9 SYSTEMPATH\Boot.php(363): CodeIgniter\CodeIgniter->run()
10 SYSTEMPATH\Boot.php(68): CodeIgniter\Boot::runCodeIgniter(Object(CodeIgniter\CodeIgniter))
11 FCPATH\index.php(59): CodeIgniter\Boot::bootWeb(Object(Config\Paths))
DEBUG - 2025-12-03 11:41:01 --> Session: Class initialized using 'CodeIgniter\Session\Handlers\FileHandler' driver.
CRITICAL - 2025-12-03 11:42:06 --> Error: Cannot use object of type stdClass as array
[Method: GET, Route: kompras_item/print]
in APPPATH\Views\kompras_item\print.php on line 45.
 1 SYSTEMPATH\View\View.php(226): include()
 2 SYSTEMPATH\View\View.php(229): CodeIgniter\View\View->CodeIgniter\View\{closure}()
 3 SYSTEMPATH\Common.php(1167): CodeIgniter\View\View->render('kompras_item/print', [], true)
 4 APPPATH\Controllers\Kompras_item.php(155): view('kompras_item/print', [...])
 5 SYSTEMPATH\CodeIgniter.php(933): App\Controllers\kompras_item->print()
 6 SYSTEMPATH\CodeIgniter.php(507): CodeIgniter\CodeIgniter->runController(Object(App\Controllers\kompras_item))
 7 SYSTEMPATH\CodeIgniter.php(354): CodeIgniter\CodeIgniter->handleRequest(null, Object(Config\Cache), false)
 8 SYSTEMPATH\Boot.php(363): CodeIgniter\CodeIgniter->run()
 9 SYSTEMPATH\Boot.php(68): CodeIgniter\Boot::runCodeIgniter(Object(CodeIgniter\CodeIgniter))
10 FCPATH\index.php(59): CodeIgniter\Boot::bootWeb(Object(Config\Paths))
WARNING - 2025-12-03 11:44:28 --> [DEPRECATED] number_format(): Passing null to parameter #1 ($num) of type float is deprecated in APPPATH\Views\kompras_item\print.php on line 46.
 1 APPPATH\Views\kompras_item\print.php(46): number_format(null, 2)
 2 SYSTEMPATH\View\View.php(226): include('C:\\laragon\\www\\Sistema_Manajementu_Loja\\app\\Views\\kompras_item\\print.php')
 3 SYSTEMPATH\View\View.php(229): CodeIgniter\View\View->CodeIgniter\View\{closure}()
 4 SYSTEMPATH\Common.php(1167): CodeIgniter\View\View->render('kompras_item/print', [], true)
 5 APPPATH\Controllers\Kompras_item.php(154): view('kompras_item/print', [...])
 6 SYSTEMPATH\CodeIgniter.php(933): App\Controllers\kompras_item->print()
 7 SYSTEMPATH\CodeIgniter.php(507): CodeIgniter\CodeIgniter->runController(Object(App\Controllers\kompras_item))
 8 SYSTEMPATH\CodeIgniter.php(354): CodeIgniter\CodeIgniter->handleRequest(null, Object(Config\Cache), false)
 9 SYSTEMPATH\Boot.php(363): CodeIgniter\CodeIgniter->run()
10 SYSTEMPATH\Boot.php(68): CodeIgniter\Boot::runCodeIgniter(Object(CodeIgniter\CodeIgniter))
11 FCPATH\index.php(59): CodeIgniter\Boot::bootWeb(Object(Config\Paths))
WARNING - 2025-12-03 11:44:43 --> [DEPRECATED] number_format(): Passing null to parameter #1 ($num) of type float is deprecated in APPPATH\Views\kompras_item\print.php on line 45.
 1 APPPATH\Views\kompras_item\print.php(45): number_format(null, 2)
 2 SYSTEMPATH\View\View.php(226): include('C:\\laragon\\www\\Sistema_Manajementu_Loja\\app\\Views\\kompras_item\\print.php')
 3 SYSTEMPATH\View\View.php(229): CodeIgniter\View\View->CodeIgniter\View\{closure}()
 4 SYSTEMPATH\Common.php(1167): CodeIgniter\View\View->render('kompras_item/print', [], true)
 5 APPPATH\Controllers\Kompras_item.php(154): view('kompras_item/print', [...])
 6 SYSTEMPATH\CodeIgniter.php(933): App\Controllers\kompras_item->print()
 7 SYSTEMPATH\CodeIgniter.php(507): CodeIgniter\CodeIgniter->runController(Object(App\Controllers\kompras_item))
 8 SYSTEMPATH\CodeIgniter.php(354): CodeIgniter\CodeIgniter->handleRequest(null, Object(Config\Cache), false)
 9 SYSTEMPATH\Boot.php(363): CodeIgniter\CodeIgniter->run()
10 SYSTEMPATH\Boot.php(68): CodeIgniter\Boot::runCodeIgniter(Object(CodeIgniter\CodeIgniter))
11 FCPATH\index.php(59): CodeIgniter\Boot::bootWeb(Object(Config\Paths))
CRITICAL - 2025-12-03 11:45:32 --> ErrorException: Undefined array key "subtotal"
[Method: GET, Route: kompras_item/print]
in APPPATH\Views\kompras_item\print.php on line 45.
 1 APPPATH\Views\kompras_item\print.php(45): CodeIgniter\Debug\Exceptions->errorHandler(2, 'Undefined array key "subtotal"', 'C:\\laragon\\www\\Sistema_Manajementu_Loja\\app\\Views\\kompras_item\\print.php', 45)
 2 SYSTEMPATH\View\View.php(226): include('C:\\laragon\\www\\Sistema_Manajementu_Loja\\app\\Views\\kompras_item\\print.php')
 3 SYSTEMPATH\View\View.php(229): CodeIgniter\View\View->CodeIgniter\View\{closure}()
 4 SYSTEMPATH\Common.php(1167): CodeIgniter\View\View->render('kompras_item/print', [], true)
 5 APPPATH\Controllers\Kompras_item.php(153): view('kompras_item/print', [...])
 6 SYSTEMPATH\CodeIgniter.php(933): App\Controllers\kompras_item->print()
 7 SYSTEMPATH\CodeIgniter.php(507): CodeIgniter\CodeIgniter->runController(Object(App\Controllers\kompras_item))
 8 SYSTEMPATH\CodeIgniter.php(354): CodeIgniter\CodeIgniter->handleRequest(null, Object(Config\Cache), false)
 9 SYSTEMPATH\Boot.php(363): CodeIgniter\CodeIgniter->run()
10 SYSTEMPATH\Boot.php(68): CodeIgniter\Boot::runCodeIgniter(Object(CodeIgniter\CodeIgniter))
11 FCPATH\index.php(59): CodeIgniter\Boot::bootWeb(Object(Config\Paths))
DEBUG - 2025-12-03 11:46:13 --> Session: Class initialized using 'CodeIgniter\Session\Handlers\FileHandler' driver.
DEBUG - 2025-12-03 11:47:09 --> Session: Class initialized using 'CodeIgniter\Session\Handlers\FileHandler' driver.
CRITICAL - 2025-12-03 11:57:36 --> ErrorException: Attempt to read property "kode_kompras" on array
[Method: GET, Route: kompras_item/print]
in APPPATH\Views\kompras_item\print.php on line 41.
 1 APPPATH\Views\kompras_item\print.php(41): CodeIgniter\Debug\Exceptions->errorHandler(2, 'Attempt to read property "kode_kompras" on array', 'C:\\laragon\\www\\Sistema_Manajementu_Loja\\app\\Views\\kompras_item\\print.php', 41)
 2 SYSTEMPATH\View\View.php(226): include('C:\\laragon\\www\\Sistema_Manajementu_Loja\\app\\Views\\kompras_item\\print.php')
 3 SYSTEMPATH\View\View.php(229): CodeIgniter\View\View->CodeIgniter\View\{closure}()
 4 SYSTEMPATH\Common.php(1167): CodeIgniter\View\View->render('kompras_item/print', [], true)
 5 APPPATH\Controllers\Kompras_item.php(154): view('kompras_item/print', [...])
 6 SYSTEMPATH\CodeIgniter.php(933): App\Controllers\kompras_item->print()
 7 SYSTEMPATH\CodeIgniter.php(507): CodeIgniter\CodeIgniter->runController(Object(App\Controllers\kompras_item))
 8 SYSTEMPATH\CodeIgniter.php(354): CodeIgniter\CodeIgniter->handleRequest(null, Object(Config\Cache), false)
 9 SYSTEMPATH\Boot.php(363): CodeIgniter\CodeIgniter->run()
10 SYSTEMPATH\Boot.php(68): CodeIgniter\Boot::runCodeIgniter(Object(CodeIgniter\CodeIgniter))
11 FCPATH\index.php(59): CodeIgniter\Boot::bootWeb(Object(Config\Paths))
DEBUG - 2025-12-03 12:00:26 --> Session: Class initialized using 'CodeIgniter\Session\Handlers\FileHandler' driver.
DEBUG - 2025-12-03 12:00:27 --> Session: Class initialized using 'CodeIgniter\Session\Handlers\FileHandler' driver.
DEBUG - 2025-12-03 12:00:29 --> Session: Class initialized using 'CodeIgniter\Session\Handlers\FileHandler' driver.
DEBUG - 2025-12-03 12:00:31 --> Session: Class initialized using 'CodeIgniter\Session\Handlers\FileHandler' driver.
DEBUG - 2025-12-03 12:00:32 --> Session: Class initialized using 'CodeIgniter\Session\Handlers\FileHandler' driver.
DEBUG - 2025-12-03 12:00:37 --> Session: Class initialized using 'CodeIgniter\Session\Handlers\FileHandler' driver.
DEBUG - 2025-12-03 12:00:38 --> Session: Class initialized using 'CodeIgniter\Session\Handlers\FileHandler' driver.
DEBUG - 2025-12-03 12:00:39 --> Session: Class initialized using 'CodeIgniter\Session\Handlers\FileHandler' driver.
DEBUG - 2025-12-03 12:00:44 --> Session: Class initialized using 'CodeIgniter\Session\Handlers\FileHandler' driver.
DEBUG - 2025-12-03 12:00:44 --> Session: Class initialized using 'CodeIgniter\Session\Handlers\FileHandler' driver.
DEBUG - 2025-12-03 12:00:46 --> Session: Class initialized using 'CodeIgniter\Session\Handlers\FileHandler' driver.
DEBUG - 2025-12-03 12:01:36 --> Session: Class initialized using 'CodeIgniter\Session\Handlers\FileHandler' driver.
DEBUG - 2025-12-03 12:01:37 --> Session: Class initialized using 'CodeIgniter\Session\Handlers\FileHandler' driver.
DEBUG - 2025-12-03 12:01:39 --> Session: Class initialized using 'CodeIgniter\Session\Handlers\FileHandler' driver.
DEBUG - 2025-12-03 12:01:46 --> Session: Class initialized using 'CodeIgniter\Session\Handlers\FileHandler' driver.
DEBUG - 2025-12-03 12:03:43 --> Session: Class initialized using 'CodeIgniter\Session\Handlers\FileHandler' driver.
DEBUG - 2025-12-03 12:03:46 --> Session: Class initialized using 'CodeIgniter\Session\Handlers\FileHandler' driver.
DEBUG - 2025-12-03 12:03:46 --> Session: Class initialized using 'CodeIgniter\Session\Handlers\FileHandler' driver.
DEBUG - 2025-12-03 12:03:50 --> Session: Class initialized using 'CodeIgniter\Session\Handlers\FileHandler' driver.
DEBUG - 2025-12-03 12:03:51 --> Session: Class initialized using 'CodeIgniter\Session\Handlers\FileHandler' driver.
DEBUG - 2025-12-03 12:03:54 --> Session: Class initialized using 'CodeIgniter\Session\Handlers\FileHandler' driver.
DEBUG - 2025-12-03 12:03:56 --> Session: Class initialized using 'CodeIgniter\Session\Handlers\FileHandler' driver.
ERROR - 2025-12-03 12:04:47 --> mysqli_sql_exception: Duplicate entry 'K001' for key 'tbl_kompras.kode_kompra' in C:\laragon\www\Sistema_Manajementu_Loja\system\Database\MySQLi\Connection.php:327
Stack trace:
#0 C:\laragon\www\Sistema_Manajementu_Loja\system\Database\MySQLi\Connection.php(327): mysqli->query('INSERT INTO `tb...', 0)
#1 C:\laragon\www\Sistema_Manajementu_Loja\system\Database\BaseConnection.php(729): CodeIgniter\Database\MySQLi\Connection->execute('INSERT INTO `tb...')
#2 C:\laragon\www\Sistema_Manajementu_Loja\system\Database\BaseConnection.php(646): CodeIgniter\Database\BaseConnection->simpleQuery('INSERT INTO `tb...')
#3 C:\laragon\www\Sistema_Manajementu_Loja\system\Database\BaseBuilder.php(2345): CodeIgniter\Database\BaseConnection->query('INSERT INTO `tb...', Array, false)
#4 C:\laragon\www\Sistema_Manajementu_Loja\app\Models\M_Kompras.php(28): CodeIgniter\Database\BaseBuilder->insert(Array)
#5 C:\laragon\www\Sistema_Manajementu_Loja\app\Controllers\Kompras.php(58): App\Models\M_Kompras->insertKompras(Array)
#6 C:\laragon\www\Sistema_Manajementu_Loja\system\CodeIgniter.php(933): App\Controllers\kompras->store()
#7 C:\laragon\www\Sistema_Manajementu_Loja\system\CodeIgniter.php(507): CodeIgniter\CodeIgniter->runController(Object(App\Controllers\kompras))
#8 C:\laragon\www\Sistema_Manajementu_Loja\system\CodeIgniter.php(354): CodeIgniter\CodeIgniter->handleRequest(NULL, Object(Config\Cache), false)
#9 C:\laragon\www\Sistema_Manajementu_Loja\system\Boot.php(363): CodeIgniter\CodeIgniter->run()
#10 C:\laragon\www\Sistema_Manajementu_Loja\system\Boot.php(68): CodeIgniter\Boot::runCodeIgniter(Object(CodeIgniter\CodeIgniter))
#11 C:\laragon\www\Sistema_Manajementu_Loja\index.php(59): CodeIgniter\Boot::bootWeb(Object(Config\Paths))
#12 {main}
CRITICAL - 2025-12-03 12:04:47 --> CodeIgniter\Database\Exceptions\DatabaseException: Duplicate entry 'K001' for key 'tbl_kompras.kode_kompra'
[Method: POST, Route: kompras/store]
in SYSTEMPATH\Database\BaseConnection.php on line 684.
 1 SYSTEMPATH\Database\BaseBuilder.php(2345): CodeIgniter\Database\BaseConnection->query('INSERT INTO `tbl_kompras` (`id_kompras`, `kode_kompras`, `data_kompras`, `id_fornesedor`, `total`) VALUES (:id_kompras:, :kode_kompras:, :data_kompras:, :id_fornesedor:, :total:)', [...], false)
 2 APPPATH\Models\M_Kompras.php(28): CodeIgniter\Database\BaseBuilder->insert([...])
 3 APPPATH\Controllers\Kompras.php(58): App\Models\M_Kompras->insertKompras([...])
 4 SYSTEMPATH\CodeIgniter.php(933): App\Controllers\kompras->store()
 5 SYSTEMPATH\CodeIgniter.php(507): CodeIgniter\CodeIgniter->runController(Object(App\Controllers\kompras))
 6 SYSTEMPATH\CodeIgniter.php(354): CodeIgniter\CodeIgniter->handleRequest(null, Object(Config\Cache), false)
 7 SYSTEMPATH\Boot.php(363): CodeIgniter\CodeIgniter->run()
 8 SYSTEMPATH\Boot.php(68): CodeIgniter\Boot::runCodeIgniter(Object(CodeIgniter\CodeIgniter))
 9 FCPATH\index.php(59): CodeIgniter\Boot::bootWeb(Object(Config\Paths))
CRITICAL - 2025-12-03 12:04:47 --> [Caused by] CodeIgniter\Database\Exceptions\DatabaseException: Duplicate entry 'K001' for key 'tbl_kompras.kode_kompra'
in SYSTEMPATH\Database\MySQLi\Connection.php on line 332.
 1 SYSTEMPATH\Database\BaseConnection.php(729): CodeIgniter\Database\MySQLi\Connection->execute('INSERT INTO `tbl_kompras` (`id_kompras`, `kode_kompras`, `data_kompras`, `id_fornesedor`, `total`) VALUES (NULL, \'K001\', \'2025-12-24\', \'10\', \'5000\')')
 2 SYSTEMPATH\Database\BaseConnection.php(646): CodeIgniter\Database\BaseConnection->simpleQuery('INSERT INTO `tbl_kompras` (`id_kompras`, `kode_kompras`, `data_kompras`, `id_fornesedor`, `total`) VALUES (NULL, \'K001\', \'2025-12-24\', \'10\', \'5000\')')
 3 SYSTEMPATH\Database\BaseBuilder.php(2345): CodeIgniter\Database\BaseConnection->query('INSERT INTO `tbl_kompras` (`id_kompras`, `kode_kompras`, `data_kompras`, `id_fornesedor`, `total`) VALUES (:id_kompras:, :kode_kompras:, :data_kompras:, :id_fornesedor:, :total:)', [...], false)
 4 APPPATH\Models\M_Kompras.php(28): CodeIgniter\Database\BaseBuilder->insert([...])
 5 APPPATH\Controllers\Kompras.php(58): App\Models\M_Kompras->insertKompras([...])
 6 SYSTEMPATH\CodeIgniter.php(933): App\Controllers\kompras->store()
 7 SYSTEMPATH\CodeIgniter.php(507): CodeIgniter\CodeIgniter->runController(Object(App\Controllers\kompras))
 8 SYSTEMPATH\CodeIgniter.php(354): CodeIgniter\CodeIgniter->handleRequest(null, Object(Config\Cache), false)
 9 SYSTEMPATH\Boot.php(363): CodeIgniter\CodeIgniter->run()
10 SYSTEMPATH\Boot.php(68): CodeIgniter\Boot::runCodeIgniter(Object(CodeIgniter\CodeIgniter))
11 FCPATH\index.php(59): CodeIgniter\Boot::bootWeb(Object(Config\Paths))
CRITICAL - 2025-12-03 12:04:47 --> [Caused by] mysqli_sql_exception: Duplicate entry 'K001' for key 'tbl_kompras.kode_kompra'
in SYSTEMPATH\Database\MySQLi\Connection.php on line 327.
 1 SYSTEMPATH\Database\MySQLi\Connection.php(327): mysqli->query('INSERT INTO `tbl_kompras` (`id_kompras`, `kode_kompras`, `data_kompras`, `id_fornesedor`, `total`) VALUES (NULL, \'K001\', \'2025-12-24\', \'10\', \'5000\')', 0)
 2 SYSTEMPATH\Database\BaseConnection.php(729): CodeIgniter\Database\MySQLi\Connection->execute('INSERT INTO `tbl_kompras` (`id_kompras`, `kode_kompras`, `data_kompras`, `id_fornesedor`, `total`) VALUES (NULL, \'K001\', \'2025-12-24\', \'10\', \'5000\')')
 3 SYSTEMPATH\Database\BaseConnection.php(646): CodeIgniter\Database\BaseConnection->simpleQuery('INSERT INTO `tbl_kompras` (`id_kompras`, `kode_kompras`, `data_kompras`, `id_fornesedor`, `total`) VALUES (NULL, \'K001\', \'2025-12-24\', \'10\', \'5000\')')
 4 SYSTEMPATH\Database\BaseBuilder.php(2345): CodeIgniter\Database\BaseConnection->query('INSERT INTO `tbl_kompras` (`id_kompras`, `kode_kompras`, `data_kompras`, `id_fornesedor`, `total`) VALUES (:id_kompras:, :kode_kompras:, :data_kompras:, :id_fornesedor:, :total:)', [...], false)
 5 APPPATH\Models\M_Kompras.php(28): CodeIgniter\Database\BaseBuilder->insert([...])
 6 APPPATH\Controllers\Kompras.php(58): App\Models\M_Kompras->insertKompras([...])
 7 SYSTEMPATH\CodeIgniter.php(933): App\Controllers\kompras->store()
 8 SYSTEMPATH\CodeIgniter.php(507): CodeIgniter\CodeIgniter->runController(Object(App\Controllers\kompras))
 9 SYSTEMPATH\CodeIgniter.php(354): CodeIgniter\CodeIgniter->handleRequest(null, Object(Config\Cache), false)
10 SYSTEMPATH\Boot.php(363): CodeIgniter\CodeIgniter->run()
11 SYSTEMPATH\Boot.php(68): CodeIgniter\Boot::runCodeIgniter(Object(CodeIgniter\CodeIgniter))
12 FCPATH\index.php(59): CodeIgniter\Boot::bootWeb(Object(Config\Paths))
DEBUG - 2025-12-03 12:05:18 --> Session: Class initialized using 'CodeIgniter\Session\Handlers\FileHandler' driver.
DEBUG - 2025-12-03 12:05:30 --> Session: Class initialized using 'CodeIgniter\Session\Handlers\FileHandler' driver.
DEBUG - 2025-12-03 12:05:30 --> Session: Class initialized using 'CodeIgniter\Session\Handlers\FileHandler' driver.
DEBUG - 2025-12-03 12:05:34 --> Session: Class initialized using 'CodeIgniter\Session\Handlers\FileHandler' driver.
DEBUG - 2025-12-03 12:05:37 --> Session: Class initialized using 'CodeIgniter\Session\Handlers\FileHandler' driver.
DEBUG - 2025-12-03 12:05:37 --> Session: Class initialized using 'CodeIgniter\Session\Handlers\FileHandler' driver.
DEBUG - 2025-12-03 12:05:40 --> Session: Class initialized using 'CodeIgniter\Session\Handlers\FileHandler' driver.
DEBUG - 2025-12-03 12:05:41 --> Session: Class initialized using 'CodeIgniter\Session\Handlers\FileHandler' driver.
DEBUG - 2025-12-03 12:05:47 --> Session: Class initialized using 'CodeIgniter\Session\Handlers\FileHandler' driver.
DEBUG - 2025-12-03 12:05:50 --> Session: Class initialized using 'CodeIgniter\Session\Handlers\FileHandler' driver.
DEBUG - 2025-12-03 12:05:50 --> Session: Class initialized using 'CodeIgniter\Session\Handlers\FileHandler' driver.
DEBUG - 2025-12-03 12:05:52 --> Session: Class initialized using 'CodeIgniter\Session\Handlers\FileHandler' driver.
ERROR - 2025-12-03 12:06:03 --> mysqli_sql_exception: Duplicate entry 'K001' for key 'tbl_kompras.kode_kompra' in C:\laragon\www\Sistema_Manajementu_Loja\system\Database\MySQLi\Connection.php:327
Stack trace:
#0 C:\laragon\www\Sistema_Manajementu_Loja\system\Database\MySQLi\Connection.php(327): mysqli->query('INSERT INTO `tb...', 0)
#1 C:\laragon\www\Sistema_Manajementu_Loja\system\Database\BaseConnection.php(729): CodeIgniter\Database\MySQLi\Connection->execute('INSERT INTO `tb...')
#2 C:\laragon\www\Sistema_Manajementu_Loja\system\Database\BaseConnection.php(646): CodeIgniter\Database\BaseConnection->simpleQuery('INSERT INTO `tb...')
#3 C:\laragon\www\Sistema_Manajementu_Loja\system\Database\BaseBuilder.php(2345): CodeIgniter\Database\BaseConnection->query('INSERT INTO `tb...', Array, false)
#4 C:\laragon\www\Sistema_Manajementu_Loja\app\Models\M_Kompras.php(28): CodeIgniter\Database\BaseBuilder->insert(Array)
#5 C:\laragon\www\Sistema_Manajementu_Loja\app\Controllers\Kompras.php(58): App\Models\M_Kompras->insertKompras(Array)
#6 C:\laragon\www\Sistema_Manajementu_Loja\system\CodeIgniter.php(933): App\Controllers\kompras->store()
#7 C:\laragon\www\Sistema_Manajementu_Loja\system\CodeIgniter.php(507): CodeIgniter\CodeIgniter->runController(Object(App\Controllers\kompras))
#8 C:\laragon\www\Sistema_Manajementu_Loja\system\CodeIgniter.php(354): CodeIgniter\CodeIgniter->handleRequest(NULL, Object(Config\Cache), false)
#9 C:\laragon\www\Sistema_Manajementu_Loja\system\Boot.php(363): CodeIgniter\CodeIgniter->run()
#10 C:\laragon\www\Sistema_Manajementu_Loja\system\Boot.php(68): CodeIgniter\Boot::runCodeIgniter(Object(CodeIgniter\CodeIgniter))
#11 C:\laragon\www\Sistema_Manajementu_Loja\index.php(59): CodeIgniter\Boot::bootWeb(Object(Config\Paths))
#12 {main}
CRITICAL - 2025-12-03 12:06:03 --> CodeIgniter\Database\Exceptions\DatabaseException: Duplicate entry 'K001' for key 'tbl_kompras.kode_kompra'
[Method: POST, Route: kompras/store]
in SYSTEMPATH\Database\BaseConnection.php on line 684.
 1 SYSTEMPATH\Database\BaseBuilder.php(2345): CodeIgniter\Database\BaseConnection->query('INSERT INTO `tbl_kompras` (`id_kompras`, `kode_kompras`, `data_kompras`, `id_fornesedor`, `total`) VALUES (:id_kompras:, :kode_kompras:, :data_kompras:, :id_fornesedor:, :total:)', [...], false)
 2 APPPATH\Models\M_Kompras.php(28): CodeIgniter\Database\BaseBuilder->insert([...])
 3 APPPATH\Controllers\Kompras.php(58): App\Models\M_Kompras->insertKompras([...])
 4 SYSTEMPATH\CodeIgniter.php(933): App\Controllers\kompras->store()
 5 SYSTEMPATH\CodeIgniter.php(507): CodeIgniter\CodeIgniter->runController(Object(App\Controllers\kompras))
 6 SYSTEMPATH\CodeIgniter.php(354): CodeIgniter\CodeIgniter->handleRequest(null, Object(Config\Cache), false)
 7 SYSTEMPATH\Boot.php(363): CodeIgniter\CodeIgniter->run()
 8 SYSTEMPATH\Boot.php(68): CodeIgniter\Boot::runCodeIgniter(Object(CodeIgniter\CodeIgniter))
 9 FCPATH\index.php(59): CodeIgniter\Boot::bootWeb(Object(Config\Paths))
CRITICAL - 2025-12-03 12:06:03 --> [Caused by] CodeIgniter\Database\Exceptions\DatabaseException: Duplicate entry 'K001' for key 'tbl_kompras.kode_kompra'
in SYSTEMPATH\Database\MySQLi\Connection.php on line 332.
 1 SYSTEMPATH\Database\BaseConnection.php(729): CodeIgniter\Database\MySQLi\Connection->execute('INSERT INTO `tbl_kompras` (`id_kompras`, `kode_kompras`, `data_kompras`, `id_fornesedor`, `total`) VALUES (NULL, \'K001\', \'2025-12-02\', \'10\', \'1000.00\')')
 2 SYSTEMPATH\Database\BaseConnection.php(646): CodeIgniter\Database\BaseConnection->simpleQuery('INSERT INTO `tbl_kompras` (`id_kompras`, `kode_kompras`, `data_kompras`, `id_fornesedor`, `total`) VALUES (NULL, \'K001\', \'2025-12-02\', \'10\', \'1000.00\')')
 3 SYSTEMPATH\Database\BaseBuilder.php(2345): CodeIgniter\Database\BaseConnection->query('INSERT INTO `tbl_kompras` (`id_kompras`, `kode_kompras`, `data_kompras`, `id_fornesedor`, `total`) VALUES (:id_kompras:, :kode_kompras:, :data_kompras:, :id_fornesedor:, :total:)', [...], false)
 4 APPPATH\Models\M_Kompras.php(28): CodeIgniter\Database\BaseBuilder->insert([...])
 5 APPPATH\Controllers\Kompras.php(58): App\Models\M_Kompras->insertKompras([...])
 6 SYSTEMPATH\CodeIgniter.php(933): App\Controllers\kompras->store()
 7 SYSTEMPATH\CodeIgniter.php(507): CodeIgniter\CodeIgniter->runController(Object(App\Controllers\kompras))
 8 SYSTEMPATH\CodeIgniter.php(354): CodeIgniter\CodeIgniter->handleRequest(null, Object(Config\Cache), false)
 9 SYSTEMPATH\Boot.php(363): CodeIgniter\CodeIgniter->run()
10 SYSTEMPATH\Boot.php(68): CodeIgniter\Boot::runCodeIgniter(Object(CodeIgniter\CodeIgniter))
11 FCPATH\index.php(59): CodeIgniter\Boot::bootWeb(Object(Config\Paths))
CRITICAL - 2025-12-03 12:06:03 --> [Caused by] mysqli_sql_exception: Duplicate entry 'K001' for key 'tbl_kompras.kode_kompra'
in SYSTEMPATH\Database\MySQLi\Connection.php on line 327.
 1 SYSTEMPATH\Database\MySQLi\Connection.php(327): mysqli->query('INSERT INTO `tbl_kompras` (`id_kompras`, `kode_kompras`, `data_kompras`, `id_fornesedor`, `total`) VALUES (NULL, \'K001\', \'2025-12-02\', \'10\', \'1000.00\')', 0)
 2 SYSTEMPATH\Database\BaseConnection.php(729): CodeIgniter\Database\MySQLi\Connection->execute('INSERT INTO `tbl_kompras` (`id_kompras`, `kode_kompras`, `data_kompras`, `id_fornesedor`, `total`) VALUES (NULL, \'K001\', \'2025-12-02\', \'10\', \'1000.00\')')
 3 SYSTEMPATH\Database\BaseConnection.php(646): CodeIgniter\Database\BaseConnection->simpleQuery('INSERT INTO `tbl_kompras` (`id_kompras`, `kode_kompras`, `data_kompras`, `id_fornesedor`, `total`) VALUES (NULL, \'K001\', \'2025-12-02\', \'10\', \'1000.00\')')
 4 SYSTEMPATH\Database\BaseBuilder.php(2345): CodeIgniter\Database\BaseConnection->query('INSERT INTO `tbl_kompras` (`id_kompras`, `kode_kompras`, `data_kompras`, `id_fornesedor`, `total`) VALUES (:id_kompras:, :kode_kompras:, :data_kompras:, :id_fornesedor:, :total:)', [...], false)
 5 APPPATH\Models\M_Kompras.php(28): CodeIgniter\Database\BaseBuilder->insert([...])
 6 APPPATH\Controllers\Kompras.php(58): App\Models\M_Kompras->insertKompras([...])
 7 SYSTEMPATH\CodeIgniter.php(933): App\Controllers\kompras->store()
 8 SYSTEMPATH\CodeIgniter.php(507): CodeIgniter\CodeIgniter->runController(Object(App\Controllers\kompras))
 9 SYSTEMPATH\CodeIgniter.php(354): CodeIgniter\CodeIgniter->handleRequest(null, Object(Config\Cache), false)
10 SYSTEMPATH\Boot.php(363): CodeIgniter\CodeIgniter->run()
11 SYSTEMPATH\Boot.php(68): CodeIgniter\Boot::runCodeIgniter(Object(CodeIgniter\CodeIgniter))
12 FCPATH\index.php(59): CodeIgniter\Boot::bootWeb(Object(Config\Paths))
DEBUG - 2025-12-03 12:06:35 --> Session: Class initialized using 'CodeIgniter\Session\Handlers\FileHandler' driver.
ERROR - 2025-12-03 12:06:56 --> mysqli_sql_exception: Duplicate entry 'K001' for key 'tbl_kompras.kode_kompra' in C:\laragon\www\Sistema_Manajementu_Loja\system\Database\MySQLi\Connection.php:327
Stack trace:
#0 C:\laragon\www\Sistema_Manajementu_Loja\system\Database\MySQLi\Connection.php(327): mysqli->query('INSERT INTO `tb...', 0)
#1 C:\laragon\www\Sistema_Manajementu_Loja\system\Database\BaseConnection.php(729): CodeIgniter\Database\MySQLi\Connection->execute('INSERT INTO `tb...')
#2 C:\laragon\www\Sistema_Manajementu_Loja\system\Database\BaseConnection.php(646): CodeIgniter\Database\BaseConnection->simpleQuery('INSERT INTO `tb...')
#3 C:\laragon\www\Sistema_Manajementu_Loja\system\Database\BaseBuilder.php(2345): CodeIgniter\Database\BaseConnection->query('INSERT INTO `tb...', Array, false)
#4 C:\laragon\www\Sistema_Manajementu_Loja\app\Models\M_Kompras.php(28): CodeIgniter\Database\BaseBuilder->insert(Array)
#5 C:\laragon\www\Sistema_Manajementu_Loja\app\Controllers\Kompras.php(58): App\Models\M_Kompras->insertKompras(Array)
#6 C:\laragon\www\Sistema_Manajementu_Loja\system\CodeIgniter.php(933): App\Controllers\kompras->store()
#7 C:\laragon\www\Sistema_Manajementu_Loja\system\CodeIgniter.php(507): CodeIgniter\CodeIgniter->runController(Object(App\Controllers\kompras))
#8 C:\laragon\www\Sistema_Manajementu_Loja\system\CodeIgniter.php(354): CodeIgniter\CodeIgniter->handleRequest(NULL, Object(Config\Cache), false)
#9 C:\laragon\www\Sistema_Manajementu_Loja\system\Boot.php(363): CodeIgniter\CodeIgniter->run()
#10 C:\laragon\www\Sistema_Manajementu_Loja\system\Boot.php(68): CodeIgniter\Boot::runCodeIgniter(Object(CodeIgniter\CodeIgniter))
#11 C:\laragon\www\Sistema_Manajementu_Loja\index.php(59): CodeIgniter\Boot::bootWeb(Object(Config\Paths))
#12 {main}
CRITICAL - 2025-12-03 12:06:56 --> CodeIgniter\Database\Exceptions\DatabaseException: Duplicate entry 'K001' for key 'tbl_kompras.kode_kompra'
[Method: POST, Route: kompras/store]
in SYSTEMPATH\Database\BaseConnection.php on line 684.
 1 SYSTEMPATH\Database\BaseBuilder.php(2345): CodeIgniter\Database\BaseConnection->query('INSERT INTO `tbl_kompras` (`id_kompras`, `kode_kompras`, `data_kompras`, `id_fornesedor`, `total`) VALUES (:id_kompras:, :kode_kompras:, :data_kompras:, :id_fornesedor:, :total:)', [...], false)
 2 APPPATH\Models\M_Kompras.php(28): CodeIgniter\Database\BaseBuilder->insert([...])
 3 APPPATH\Controllers\Kompras.php(58): App\Models\M_Kompras->insertKompras([...])
 4 SYSTEMPATH\CodeIgniter.php(933): App\Controllers\kompras->store()
 5 SYSTEMPATH\CodeIgniter.php(507): CodeIgniter\CodeIgniter->runController(Object(App\Controllers\kompras))
 6 SYSTEMPATH\CodeIgniter.php(354): CodeIgniter\CodeIgniter->handleRequest(null, Object(Config\Cache), false)
 7 SYSTEMPATH\Boot.php(363): CodeIgniter\CodeIgniter->run()
 8 SYSTEMPATH\Boot.php(68): CodeIgniter\Boot::runCodeIgniter(Object(CodeIgniter\CodeIgniter))
 9 FCPATH\index.php(59): CodeIgniter\Boot::bootWeb(Object(Config\Paths))
CRITICAL - 2025-12-03 12:06:56 --> [Caused by] CodeIgniter\Database\Exceptions\DatabaseException: Duplicate entry 'K001' for key 'tbl_kompras.kode_kompra'
in SYSTEMPATH\Database\MySQLi\Connection.php on line 332.
 1 SYSTEMPATH\Database\BaseConnection.php(729): CodeIgniter\Database\MySQLi\Connection->execute('INSERT INTO `tbl_kompras` (`id_kompras`, `kode_kompras`, `data_kompras`, `id_fornesedor`, `total`) VALUES (NULL, \'K001\', \'2025-12-02\', \'10\', \'1000.00\')')
 2 SYSTEMPATH\Database\BaseConnection.php(646): CodeIgniter\Database\BaseConnection->simpleQuery('INSERT INTO `tbl_kompras` (`id_kompras`, `kode_kompras`, `data_kompras`, `id_fornesedor`, `total`) VALUES (NULL, \'K001\', \'2025-12-02\', \'10\', \'1000.00\')')
 3 SYSTEMPATH\Database\BaseBuilder.php(2345): CodeIgniter\Database\BaseConnection->query('INSERT INTO `tbl_kompras` (`id_kompras`, `kode_kompras`, `data_kompras`, `id_fornesedor`, `total`) VALUES (:id_kompras:, :kode_kompras:, :data_kompras:, :id_fornesedor:, :total:)', [...], false)
 4 APPPATH\Models\M_Kompras.php(28): CodeIgniter\Database\BaseBuilder->insert([...])
 5 APPPATH\Controllers\Kompras.php(58): App\Models\M_Kompras->insertKompras([...])
 6 SYSTEMPATH\CodeIgniter.php(933): App\Controllers\kompras->store()
 7 SYSTEMPATH\CodeIgniter.php(507): CodeIgniter\CodeIgniter->runController(Object(App\Controllers\kompras))
 8 SYSTEMPATH\CodeIgniter.php(354): CodeIgniter\CodeIgniter->handleRequest(null, Object(Config\Cache), false)
 9 SYSTEMPATH\Boot.php(363): CodeIgniter\CodeIgniter->run()
10 SYSTEMPATH\Boot.php(68): CodeIgniter\Boot::runCodeIgniter(Object(CodeIgniter\CodeIgniter))
11 FCPATH\index.php(59): CodeIgniter\Boot::bootWeb(Object(Config\Paths))
CRITICAL - 2025-12-03 12:06:56 --> [Caused by] mysqli_sql_exception: Duplicate entry 'K001' for key 'tbl_kompras.kode_kompra'
in SYSTEMPATH\Database\MySQLi\Connection.php on line 327.
 1 SYSTEMPATH\Database\MySQLi\Connection.php(327): mysqli->query('INSERT INTO `tbl_kompras` (`id_kompras`, `kode_kompras`, `data_kompras`, `id_fornesedor`, `total`) VALUES (NULL, \'K001\', \'2025-12-02\', \'10\', \'1000.00\')', 0)
 2 SYSTEMPATH\Database\BaseConnection.php(729): CodeIgniter\Database\MySQLi\Connection->execute('INSERT INTO `tbl_kompras` (`id_kompras`, `kode_kompras`, `data_kompras`, `id_fornesedor`, `total`) VALUES (NULL, \'K001\', \'2025-12-02\', \'10\', \'1000.00\')')
 3 SYSTEMPATH\Database\BaseConnection.php(646): CodeIgniter\Database\BaseConnection->simpleQuery('INSERT INTO `tbl_kompras` (`id_kompras`, `kode_kompras`, `data_kompras`, `id_fornesedor`, `total`) VALUES (NULL, \'K001\', \'2025-12-02\', \'10\', \'1000.00\')')
 4 SYSTEMPATH\Database\BaseBuilder.php(2345): CodeIgniter\Database\BaseConnection->query('INSERT INTO `tbl_kompras` (`id_kompras`, `kode_kompras`, `data_kompras`, `id_fornesedor`, `total`) VALUES (:id_kompras:, :kode_kompras:, :data_kompras:, :id_fornesedor:, :total:)', [...], false)
 5 APPPATH\Models\M_Kompras.php(28): CodeIgniter\Database\BaseBuilder->insert([...])
 6 APPPATH\Controllers\Kompras.php(58): App\Models\M_Kompras->insertKompras([...])
 7 SYSTEMPATH\CodeIgniter.php(933): App\Controllers\kompras->store()
 8 SYSTEMPATH\CodeIgniter.php(507): CodeIgniter\CodeIgniter->runController(Object(App\Controllers\kompras))
 9 SYSTEMPATH\CodeIgniter.php(354): CodeIgniter\CodeIgniter->handleRequest(null, Object(Config\Cache), false)
10 SYSTEMPATH\Boot.php(363): CodeIgniter\CodeIgniter->run()
11 SYSTEMPATH\Boot.php(68): CodeIgniter\Boot::runCodeIgniter(Object(CodeIgniter\CodeIgniter))
12 FCPATH\index.php(59): CodeIgniter\Boot::bootWeb(Object(Config\Paths))
DEBUG - 2025-12-03 12:07:01 --> Session: Class initialized using 'CodeIgniter\Session\Handlers\FileHandler' driver.
DEBUG - 2025-12-03 12:07:02 --> Session: Class initialized using 'CodeIgniter\Session\Handlers\FileHandler' driver.
ERROR - 2025-12-03 12:07:06 --> mysqli_sql_exception: Duplicate entry 'K001' for key 'tbl_kompras.kode_kompra' in C:\laragon\www\Sistema_Manajementu_Loja\system\Database\MySQLi\Connection.php:327
Stack trace:
#0 C:\laragon\www\Sistema_Manajementu_Loja\system\Database\MySQLi\Connection.php(327): mysqli->query('INSERT INTO `tb...', 0)
#1 C:\laragon\www\Sistema_Manajementu_Loja\system\Database\BaseConnection.php(729): CodeIgniter\Database\MySQLi\Connection->execute('INSERT INTO `tb...')
#2 C:\laragon\www\Sistema_Manajementu_Loja\system\Database\BaseConnection.php(646): CodeIgniter\Database\BaseConnection->simpleQuery('INSERT INTO `tb...')
#3 C:\laragon\www\Sistema_Manajementu_Loja\system\Database\BaseBuilder.php(2345): CodeIgniter\Database\BaseConnection->query('INSERT INTO `tb...', Array, false)
#4 C:\laragon\www\Sistema_Manajementu_Loja\app\Models\M_Kompras.php(28): CodeIgniter\Database\BaseBuilder->insert(Array)
#5 C:\laragon\www\Sistema_Manajementu_Loja\app\Controllers\Kompras.php(58): App\Models\M_Kompras->insertKompras(Array)
#6 C:\laragon\www\Sistema_Manajementu_Loja\system\CodeIgniter.php(933): App\Controllers\kompras->store()
#7 C:\laragon\www\Sistema_Manajementu_Loja\system\CodeIgniter.php(507): CodeIgniter\CodeIgniter->runController(Object(App\Controllers\kompras))
#8 C:\laragon\www\Sistema_Manajementu_Loja\system\CodeIgniter.php(354): CodeIgniter\CodeIgniter->handleRequest(NULL, Object(Config\Cache), false)
#9 C:\laragon\www\Sistema_Manajementu_Loja\system\Boot.php(363): CodeIgniter\CodeIgniter->run()
#10 C:\laragon\www\Sistema_Manajementu_Loja\system\Boot.php(68): CodeIgniter\Boot::runCodeIgniter(Object(CodeIgniter\CodeIgniter))
#11 C:\laragon\www\Sistema_Manajementu_Loja\index.php(59): CodeIgniter\Boot::bootWeb(Object(Config\Paths))
#12 {main}
CRITICAL - 2025-12-03 12:07:06 --> CodeIgniter\Database\Exceptions\DatabaseException: Duplicate entry 'K001' for key 'tbl_kompras.kode_kompra'
[Method: POST, Route: kompras/store]
in SYSTEMPATH\Database\BaseConnection.php on line 684.
 1 SYSTEMPATH\Database\BaseBuilder.php(2345): CodeIgniter\Database\BaseConnection->query('INSERT INTO `tbl_kompras` (`id_kompras`, `kode_kompras`, `data_kompras`, `id_fornesedor`, `total`) VALUES (:id_kompras:, :kode_kompras:, :data_kompras:, :id_fornesedor:, :total:)', [...], false)
 2 APPPATH\Models\M_Kompras.php(28): CodeIgniter\Database\BaseBuilder->insert([...])
 3 APPPATH\Controllers\Kompras.php(58): App\Models\M_Kompras->insertKompras([...])
 4 SYSTEMPATH\CodeIgniter.php(933): App\Controllers\kompras->store()
 5 SYSTEMPATH\CodeIgniter.php(507): CodeIgniter\CodeIgniter->runController(Object(App\Controllers\kompras))
 6 SYSTEMPATH\CodeIgniter.php(354): CodeIgniter\CodeIgniter->handleRequest(null, Object(Config\Cache), false)
 7 SYSTEMPATH\Boot.php(363): CodeIgniter\CodeIgniter->run()
 8 SYSTEMPATH\Boot.php(68): CodeIgniter\Boot::runCodeIgniter(Object(CodeIgniter\CodeIgniter))
 9 FCPATH\index.php(59): CodeIgniter\Boot::bootWeb(Object(Config\Paths))
CRITICAL - 2025-12-03 12:07:06 --> [Caused by] CodeIgniter\Database\Exceptions\DatabaseException: Duplicate entry 'K001' for key 'tbl_kompras.kode_kompra'
in SYSTEMPATH\Database\MySQLi\Connection.php on line 332.
 1 SYSTEMPATH\Database\BaseConnection.php(729): CodeIgniter\Database\MySQLi\Connection->execute('INSERT INTO `tbl_kompras` (`id_kompras`, `kode_kompras`, `data_kompras`, `id_fornesedor`, `total`) VALUES (NULL, \'K001\', \'2025-12-02\', \'10\', \'1000.00\')')
 2 SYSTEMPATH\Database\BaseConnection.php(646): CodeIgniter\Database\BaseConnection->simpleQuery('INSERT INTO `tbl_kompras` (`id_kompras`, `kode_kompras`, `data_kompras`, `id_fornesedor`, `total`) VALUES (NULL, \'K001\', \'2025-12-02\', \'10\', \'1000.00\')')
 3 SYSTEMPATH\Database\BaseBuilder.php(2345): CodeIgniter\Database\BaseConnection->query('INSERT INTO `tbl_kompras` (`id_kompras`, `kode_kompras`, `data_kompras`, `id_fornesedor`, `total`) VALUES (:id_kompras:, :kode_kompras:, :data_kompras:, :id_fornesedor:, :total:)', [...], false)
 4 APPPATH\Models\M_Kompras.php(28): CodeIgniter\Database\BaseBuilder->insert([...])
 5 APPPATH\Controllers\Kompras.php(58): App\Models\M_Kompras->insertKompras([...])
 6 SYSTEMPATH\CodeIgniter.php(933): App\Controllers\kompras->store()
 7 SYSTEMPATH\CodeIgniter.php(507): CodeIgniter\CodeIgniter->runController(Object(App\Controllers\kompras))
 8 SYSTEMPATH\CodeIgniter.php(354): CodeIgniter\CodeIgniter->handleRequest(null, Object(Config\Cache), false)
 9 SYSTEMPATH\Boot.php(363): CodeIgniter\CodeIgniter->run()
10 SYSTEMPATH\Boot.php(68): CodeIgniter\Boot::runCodeIgniter(Object(CodeIgniter\CodeIgniter))
11 FCPATH\index.php(59): CodeIgniter\Boot::bootWeb(Object(Config\Paths))
CRITICAL - 2025-12-03 12:07:06 --> [Caused by] mysqli_sql_exception: Duplicate entry 'K001' for key 'tbl_kompras.kode_kompra'
in SYSTEMPATH\Database\MySQLi\Connection.php on line 327.
 1 SYSTEMPATH\Database\MySQLi\Connection.php(327): mysqli->query('INSERT INTO `tbl_kompras` (`id_kompras`, `kode_kompras`, `data_kompras`, `id_fornesedor`, `total`) VALUES (NULL, \'K001\', \'2025-12-02\', \'10\', \'1000.00\')', 0)
 2 SYSTEMPATH\Database\BaseConnection.php(729): CodeIgniter\Database\MySQLi\Connection->execute('INSERT INTO `tbl_kompras` (`id_kompras`, `kode_kompras`, `data_kompras`, `id_fornesedor`, `total`) VALUES (NULL, \'K001\', \'2025-12-02\', \'10\', \'1000.00\')')
 3 SYSTEMPATH\Database\BaseConnection.php(646): CodeIgniter\Database\BaseConnection->simpleQuery('INSERT INTO `tbl_kompras` (`id_kompras`, `kode_kompras`, `data_kompras`, `id_fornesedor`, `total`) VALUES (NULL, \'K001\', \'2025-12-02\', \'10\', \'1000.00\')')
 4 SYSTEMPATH\Database\BaseBuilder.php(2345): CodeIgniter\Database\BaseConnection->query('INSERT INTO `tbl_kompras` (`id_kompras`, `kode_kompras`, `data_kompras`, `id_fornesedor`, `total`) VALUES (:id_kompras:, :kode_kompras:, :data_kompras:, :id_fornesedor:, :total:)', [...], false)
 5 APPPATH\Models\M_Kompras.php(28): CodeIgniter\Database\BaseBuilder->insert([...])
 6 APPPATH\Controllers\Kompras.php(58): App\Models\M_Kompras->insertKompras([...])
 7 SYSTEMPATH\CodeIgniter.php(933): App\Controllers\kompras->store()
 8 SYSTEMPATH\CodeIgniter.php(507): CodeIgniter\CodeIgniter->runController(Object(App\Controllers\kompras))
 9 SYSTEMPATH\CodeIgniter.php(354): CodeIgniter\CodeIgniter->handleRequest(null, Object(Config\Cache), false)
10 SYSTEMPATH\Boot.php(363): CodeIgniter\CodeIgniter->run()
11 SYSTEMPATH\Boot.php(68): CodeIgniter\Boot::runCodeIgniter(Object(CodeIgniter\CodeIgniter))
12 FCPATH\index.php(59): CodeIgniter\Boot::bootWeb(Object(Config\Paths))
DEBUG - 2025-12-03 12:07:28 --> Session: Class initialized using 'CodeIgniter\Session\Handlers\FileHandler' driver.
DEBUG - 2025-12-03 12:07:28 --> Session: Class initialized using 'CodeIgniter\Session\Handlers\FileHandler' driver.
DEBUG - 2025-12-03 12:07:35 --> Session: Class initialized using 'CodeIgniter\Session\Handlers\FileHandler' driver.
DEBUG - 2025-12-03 12:07:38 --> Session: Class initialized using 'CodeIgniter\Session\Handlers\FileHandler' driver.
DEBUG - 2025-12-03 12:07:38 --> Session: Class initialized using 'CodeIgniter\Session\Handlers\FileHandler' driver.
DEBUG - 2025-12-03 12:07:41 --> Session: Class initialized using 'CodeIgniter\Session\Handlers\FileHandler' driver.
DEBUG - 2025-12-03 12:07:52 --> Session: Class initialized using 'CodeIgniter\Session\Handlers\FileHandler' driver.
DEBUG - 2025-12-03 12:07:52 --> Session: Class initialized using 'CodeIgniter\Session\Handlers\FileHandler' driver.
DEBUG - 2025-12-03 12:07:56 --> Session: Class initialized using 'CodeIgniter\Session\Handlers\FileHandler' driver.
DEBUG - 2025-12-03 12:07:57 --> Session: Class initialized using 'CodeIgniter\Session\Handlers\FileHandler' driver.
DEBUG - 2025-12-03 12:08:19 --> Session: Class initialized using 'CodeIgniter\Session\Handlers\FileHandler' driver.
DEBUG - 2025-12-03 12:08:23 --> Session: Class initialized using 'CodeIgniter\Session\Handlers\FileHandler' driver.
DEBUG - 2025-12-03 12:08:23 --> Session: Class initialized using 'CodeIgniter\Session\Handlers\FileHandler' driver.
DEBUG - 2025-12-03 12:08:35 --> Session: Class initialized using 'CodeIgniter\Session\Handlers\FileHandler' driver.
DEBUG - 2025-12-03 12:08:46 --> Session: Class initialized using 'CodeIgniter\Session\Handlers\FileHandler' driver.
DEBUG - 2025-12-03 12:08:46 --> Session: Class initialized using 'CodeIgniter\Session\Handlers\FileHandler' driver.
DEBUG - 2025-12-03 12:08:49 --> Session: Class initialized using 'CodeIgniter\Session\Handlers\FileHandler' driver.
DEBUG - 2025-12-03 12:08:50 --> Session: Class initialized using 'CodeIgniter\Session\Handlers\FileHandler' driver.
DEBUG - 2025-12-03 12:08:53 --> Session: Class initialized using 'CodeIgniter\Session\Handlers\FileHandler' driver.
DEBUG - 2025-12-03 12:08:56 --> Session: Class initialized using 'CodeIgniter\Session\Handlers\FileHandler' driver.
DEBUG - 2025-12-03 12:08:57 --> Session: Class initialized using 'CodeIgniter\Session\Handlers\FileHandler' driver.
DEBUG - 2025-12-03 12:09:26 --> Session: Class initialized using 'CodeIgniter\Session\Handlers\FileHandler' driver.
DEBUG - 2025-12-03 12:09:33 --> Session: Class initialized using 'CodeIgniter\Session\Handlers\FileHandler' driver.
DEBUG - 2025-12-03 12:09:44 --> Session: Class initialized using 'CodeIgniter\Session\Handlers\FileHandler' driver.
DEBUG - 2025-12-03 12:09:44 --> Session: Class initialized using 'CodeIgniter\Session\Handlers\FileHandler' driver.
DEBUG - 2025-12-03 12:09:49 --> Session: Class initialized using 'CodeIgniter\Session\Handlers\FileHandler' driver.
DEBUG - 2025-12-03 12:09:49 --> Session: Class initialized using 'CodeIgniter\Session\Handlers\FileHandler' driver.
DEBUG - 2025-12-03 12:09:52 --> Session: Class initialized using 'CodeIgniter\Session\Handlers\FileHandler' driver.
DEBUG - 2025-12-03 12:09:53 --> Session: Class initialized using 'CodeIgniter\Session\Handlers\FileHandler' driver.
DEBUG - 2025-12-03 12:10:15 --> Session: Class initialized using 'CodeIgniter\Session\Handlers\FileHandler' driver.
DEBUG - 2025-12-03 12:10:16 --> Session: Class initialized using 'CodeIgniter\Session\Handlers\FileHandler' driver.
DEBUG - 2025-12-03 12:10:19 --> Session: Class initialized using 'CodeIgniter\Session\Handlers\FileHandler' driver.
DEBUG - 2025-12-03 12:10:21 --> Session: Class initialized using 'CodeIgniter\Session\Handlers\FileHandler' driver.
DEBUG - 2025-12-03 12:10:23 --> Session: Class initialized using 'CodeIgniter\Session\Handlers\FileHandler' driver.
DEBUG - 2025-12-03 12:10:39 --> Session: Class initialized using 'CodeIgniter\Session\Handlers\FileHandler' driver.
DEBUG - 2025-12-03 12:10:40 --> Session: Class initialized using 'CodeIgniter\Session\Handlers\FileHandler' driver.
DEBUG - 2025-12-03 12:10:44 --> Session: Class initialized using 'CodeIgniter\Session\Handlers\FileHandler' driver.
DEBUG - 2025-12-03 12:10:47 --> Session: Class initialized using 'CodeIgniter\Session\Handlers\FileHandler' driver.
DEBUG - 2025-12-03 12:10:48 --> Session: Class initialized using 'CodeIgniter\Session\Handlers\FileHandler' driver.
DEBUG - 2025-12-03 12:10:51 --> Session: Class initialized using 'CodeIgniter\Session\Handlers\FileHandler' driver.
DEBUG - 2025-12-03 12:10:58 --> Session: Class initialized using 'CodeIgniter\Session\Handlers\FileHandler' driver.
DEBUG - 2025-12-03 12:10:58 --> Session: Class initialized using 'CodeIgniter\Session\Handlers\FileHandler' driver.
DEBUG - 2025-12-03 12:11:04 --> Session: Class initialized using 'CodeIgniter\Session\Handlers\FileHandler' driver.
DEBUG - 2025-12-03 12:11:06 --> Session: Class initialized using 'CodeIgniter\Session\Handlers\FileHandler' driver.
DEBUG - 2025-12-03 12:11:14 --> Session: Class initialized using 'CodeIgniter\Session\Handlers\FileHandler' driver.
DEBUG - 2025-12-03 12:11:14 --> Session: Class initialized using 'CodeIgniter\Session\Handlers\FileHandler' driver.
DEBUG - 2025-12-03 12:11:16 --> Session: Class initialized using 'CodeIgniter\Session\Handlers\FileHandler' driver.
DEBUG - 2025-12-03 12:11:24 --> Session: Class initialized using 'CodeIgniter\Session\Handlers\FileHandler' driver.
DEBUG - 2025-12-03 12:11:24 --> Session: Class initialized using 'CodeIgniter\Session\Handlers\FileHandler' driver.
DEBUG - 2025-12-03 12:12:16 --> Session: Class initialized using 'CodeIgniter\Session\Handlers\FileHandler' driver.
DEBUG - 2025-12-03 12:13:18 --> Session: Class initialized using 'CodeIgniter\Session\Handlers\FileHandler' driver.
DEBUG - 2025-12-03 12:21:40 --> Session: Class initialized using 'CodeIgniter\Session\Handlers\FileHandler' driver.
DEBUG - 2025-12-03 12:22:38 --> Session: Class initialized using 'CodeIgniter\Session\Handlers\FileHandler' driver.
DEBUG - 2025-12-03 12:22:41 --> Session: Class initialized using 'CodeIgniter\Session\Handlers\FileHandler' driver.
DEBUG - 2025-12-03 12:22:42 --> Session: Class initialized using 'CodeIgniter\Session\Handlers\FileHandler' driver.
DEBUG - 2025-12-03 12:22:43 --> Session: Class initialized using 'CodeIgniter\Session\Handlers\FileHandler' driver.
DEBUG - 2025-12-03 12:22:48 --> Session: Class initialized using 'CodeIgniter\Session\Handlers\FileHandler' driver.
DEBUG - 2025-12-03 12:22:49 --> Session: Class initialized using 'CodeIgniter\Session\Handlers\FileHandler' driver.
DEBUG - 2025-12-03 12:22:51 --> Session: Class initialized using 'CodeIgniter\Session\Handlers\FileHandler' driver.
DEBUG - 2025-12-03 12:22:53 --> Session: Class initialized using 'CodeIgniter\Session\Handlers\FileHandler' driver.
DEBUG - 2025-12-03 12:22:55 --> Session: Class initialized using 'CodeIgniter\Session\Handlers\FileHandler' driver.
DEBUG - 2025-12-03 12:23:28 --> Session: Class initialized using 'CodeIgniter\Session\Handlers\FileHandler' driver.
DEBUG - 2025-12-03 12:23:28 --> Session: Class initialized using 'CodeIgniter\Session\Handlers\FileHandler' driver.
DEBUG - 2025-12-03 12:23:33 --> Session: Class initialized using 'CodeIgniter\Session\Handlers\FileHandler' driver.
DEBUG - 2025-12-03 12:23:34 --> Session: Class initialized using 'CodeIgniter\Session\Handlers\FileHandler' driver.
DEBUG - 2025-12-03 12:23:42 --> Session: Class initialized using 'CodeIgniter\Session\Handlers\FileHandler' driver.
DEBUG - 2025-12-03 12:23:42 --> Session: Class initialized using 'CodeIgniter\Session\Handlers\FileHandler' driver.
DEBUG - 2025-12-03 12:23:51 --> Session: Class initialized using 'CodeIgniter\Session\Handlers\FileHandler' driver.
DEBUG - 2025-12-03 12:23:53 --> Session: Class initialized using 'CodeIgniter\Session\Handlers\FileHandler' driver.
DEBUG - 2025-12-03 12:25:38 --> Session: Class initialized using 'CodeIgniter\Session\Handlers\FileHandler' driver.
DEBUG - 2025-12-03 12:37:52 --> Session: Class initialized using 'CodeIgniter\Session\Handlers\FileHandler' driver.
DEBUG - 2025-12-03 12:37:57 --> Session: Class initialized using 'CodeIgniter\Session\Handlers\FileHandler' driver.
DEBUG - 2025-12-03 12:38:15 --> Session: Class initialized using 'CodeIgniter\Session\Handlers\FileHandler' driver.
